  Util.cpp
  Level.cpp
c:\users\oleksandr\desktop\wit\year 4\game development\workspace\thegame\thegame\src\level.cpp(124): warning C4244: 'argument': conversion from 'int' to 'float', possible loss of data
  PhysicsComponent.cpp
  Generating Code...
  Compiling...
  Window.cpp
  SFMLDebugDraw.cpp
c:\users\oleksandr\desktop\wit\year 4\game development\workspace\thegame\thegame\src\sfmldebugdraw.cpp(86): warning C4305: 'initializing': truncation from 'double' to 'float'
  Player.cpp
  Main.cpp
  GameObject.cpp
  Game.cpp
c:\users\oleksandr\desktop\wit\year 4\game development\workspace\thegame\thegame\src\game.cpp(11): warning C4244: 'argument': conversion from 'time_t' to 'unsigned int', possible loss of data
c:\users\oleksandr\desktop\wit\year 4\game development\workspace\thegame\thegame\src\game.cpp(24): warning C4244: 'argument': conversion from 'const float' to 'unsigned int', possible loss of data
  InputComponent.cpp
c:\users\oleksandr\desktop\wit\year 4\game development\workspace\thegame\thegame\src\components\inputcomponent.cpp(29): warning C4101: 'e': unreferenced local variable
  GraphicsComponent.cpp
c:\users\oleksandr\desktop\wit\year 4\game development\workspace\thegame\thegame\src\components\graphicscomponent.cpp(88): warning C4244: 'argument': conversion from 'const float' to 'int', possible loss of data
  Command.cpp
  Generating Code...
  TheGame.vcxproj -> C:\Users\Oleksandr\Desktop\WIT\Year 4\Game Development\workspace\TheGame\Debug\TheGame.exe
  TheGame.vcxproj -> C:\Users\Oleksandr\Desktop\WIT\Year 4\Game Development\workspace\TheGame\Debug\TheGame.pdb (Full PDB)
