c:\users\oleksandr\desktop\wit\year 4\game development\workspace\thegame\thegame\debug\vc140.pdb
c:\users\oleksandr\desktop\wit\year 4\game development\workspace\thegame\thegame\debug\vc140.idb
c:\users\oleksandr\desktop\wit\year 4\game development\workspace\thegame\thegame\debug\main.obj
c:\users\oleksandr\desktop\wit\year 4\game development\workspace\thegame\thegame\debug\game.obj
c:\users\oleksandr\desktop\wit\year 4\game development\workspace\thegame\thegame\debug\window.obj
c:\users\oleksandr\desktop\wit\year 4\game development\workspace\thegame\thegame\debug\command.obj
c:\users\oleksandr\desktop\wit\year 4\game development\workspace\thegame\thegame\debug\inputcomponent.obj
c:\users\oleksandr\desktop\wit\year 4\game development\workspace\thegame\thegame\debug\physicscomponent.obj
c:\users\oleksandr\desktop\wit\year 4\game development\workspace\thegame\thegame\debug\gameobject.obj
c:\users\oleksandr\desktop\wit\year 4\game development\workspace\thegame\thegame\debug\graphicscomponent.obj
c:\users\oleksandr\desktop\wit\year 4\game development\workspace\thegame\thegame\debug\texturemanager.obj
c:\users\oleksandr\desktop\wit\year 4\game development\workspace\thegame\thegame\debug\object_pool.obj
c:\users\oleksandr\desktop\wit\year 4\game development\workspace\thegame\thegame\debug\level.obj
c:\users\oleksandr\desktop\wit\year 4\game development\workspace\thegame\thegame\debug\player.obj
c:\users\oleksandr\desktop\wit\year 4\game development\workspace\thegame\thegame\debug\sfmldebugdraw.obj
c:\users\oleksandr\desktop\wit\year 4\game development\workspace\thegame\thegame\debug\imgui-sfml.obj
c:\users\oleksandr\desktop\wit\year 4\game development\workspace\thegame\thegame\debug\imgui.obj
c:\users\oleksandr\desktop\wit\year 4\game development\workspace\thegame\thegame\debug\imgui_demo.obj
c:\users\oleksandr\desktop\wit\year 4\game development\workspace\thegame\thegame\debug\imgui_draw.obj
c:\users\oleksandr\desktop\wit\year 4\game development\workspace\thegame\thegame\debug\imgui_widgets.obj
c:\users\oleksandr\desktop\wit\year 4\game development\workspace\thegame\thegame\debug\util.obj
c:\users\oleksandr\desktop\wit\year 4\game development\workspace\thegame\debug\thegame.ilk
c:\users\oleksandr\desktop\wit\year 4\game development\workspace\thegame\debug\thegame.exe
c:\users\oleksandr\desktop\wit\year 4\game development\workspace\thegame\debug\thegame.pdb
c:\users\oleksandr\desktop\wit\year 4\game development\workspace\thegame\thegame\debug\thegame.tlog\cl.command.1.tlog
c:\users\oleksandr\desktop\wit\year 4\game development\workspace\thegame\thegame\debug\thegame.tlog\cl.read.1.tlog
c:\users\oleksandr\desktop\wit\year 4\game development\workspace\thegame\thegame\debug\thegame.tlog\cl.write.1.tlog
c:\users\oleksandr\desktop\wit\year 4\game development\workspace\thegame\thegame\debug\thegame.tlog\link.command.1.tlog
c:\users\oleksandr\desktop\wit\year 4\game development\workspace\thegame\thegame\debug\thegame.tlog\link.read.1.tlog
c:\users\oleksandr\desktop\wit\year 4\game development\workspace\thegame\thegame\debug\thegame.tlog\link.write.1.tlog
