  Window.cpp
c:\users\oleksandr\desktop\wit\year 4\game development\workspace\thegame\thegame\src\window.cpp(1): fatal error C1083: Cannot open include file: 'Window.hpp': No such file or directory
  TextureManager.cpp
c:\users\oleksandr\desktop\wit\year 4\game development\workspace\thegame\thegame\src\texturemanager.cpp(1): fatal error C1083: Cannot open include file: 'TextureManager.hpp': No such file or directory
  Player.cpp
c:\users\oleksandr\desktop\wit\year 4\game development\workspace\thegame\thegame\src\player.cpp(1): fatal error C1083: Cannot open include file: 'Player.hpp': No such file or directory
  Main.cpp
c:\users\oleksandr\desktop\wit\year 4\game development\workspace\thegame\thegame\src\main.cpp(1): fatal error C1083: Cannot open include file: 'Game.hpp': No such file or directory
  Level.cpp
c:\users\oleksandr\desktop\wit\year 4\game development\workspace\thegame\thegame\src\level.cpp(6): fatal error C1083: Cannot open include file: 'Level.hpp': No such file or directory
  GameObject.cpp
c:\users\oleksandr\desktop\wit\year 4\game development\workspace\thegame\thegame\src\gameobject.cpp(1): fatal error C1083: Cannot open include file: 'GameObject.hpp': No such file or directory
  Game.cpp
c:\users\oleksandr\desktop\wit\year 4\game development\workspace\thegame\thegame\src\game.cpp(1): fatal error C1083: Cannot open include file: 'Game.hpp': No such file or directory
  PhysicsComponent.cpp
c:\users\oleksandr\desktop\wit\year 4\game development\workspace\thegame\thegame\src\components\physicscomponent.cpp(1): fatal error C1083: Cannot open include file: 'Components/PhysicsComponent.hpp': No such file or directory
  InputComponent.cpp
c:\users\oleksandr\desktop\wit\year 4\game development\workspace\thegame\thegame\src\components\inputcomponent.cpp(1): fatal error C1083: Cannot open include file: 'Components/InuptComponent.hpp': No such file or directory
  GraphicsComponent.cpp
c:\users\oleksandr\desktop\wit\year 4\game development\workspace\thegame\thegame\src\components\graphicscomponent.cpp(1): fatal error C1083: Cannot open include file: 'Components/GraphicsComponent.hpp': No such file or directory
  Command.cpp
c:\users\oleksandr\desktop\wit\year 4\game development\workspace\thegame\thegame\src\components\command.cpp(1): fatal error C1083: Cannot open include file: 'Components/Command.hpp': No such file or directory
  object_pool.cpp
c:\users\oleksandr\desktop\wit\year 4\game development\workspace\thegame\thegame\src\bitshifter\object_pool.cpp(20): fatal error C1083: Cannot open include file: 'bitshifter/ObjectPool.hpp': No such file or directory
  Generating Code...
